-------------------------------------------------------------------------------
Test set: com.eCommerceProject.service.SellerServiceImplTest
-------------------------------------------------------------------------------
Tests run: 4, Failures: 0, Errors: 1, Skipped: 0, Time elapsed: 0.022 s <<< FAILURE! - in com.eCommerceProject.service.SellerServiceImplTest
getById  Time elapsed: 0.002 s  <<< ERROR!
com.eCommerceProject.exception.NotFoundException: seller couldn't be found by following id: 1
	at com.eCommerceProject.service.SellerServiceImplTest.getById(SellerServiceImplTest.java:40)

