<?xml version="1.0" encoding="UTF-8"?>
<testsuite xmlns:xsi="http://www.w3.org/2001/XMLSchema-instance" xsi:noNamespaceSchemaLocation="https://maven.apache.org/surefire/maven-surefire-plugin/xsd/surefire-test-report.xsd" name="com.eCommerceProject.service.ProductServiceImplTest" time="0.125" tests="7" errors="0" skipped="0" failures="0">
  <properties>
[...]
</properties>
  <testcase name="testAdd" classname="com.eCommerceProject.service.ProductServiceImplTest" time="0.11"/>
  <testcase name="testSlice" classname="com.eCommerceProject.service.ProductServiceImplTest" time="0.001"/>
  <testcase name="testGetByproductBrand" classname="com.eCommerceProject.service.ProductServiceImplTest" time="0.002"/>
  <testcase name="testGetByproductName" classname="com.eCommerceProject.service.ProductServiceImplTest" time="0.001"/>
  <testcase name="testDeleteById" classname="com.eCommerceProject.service.ProductServiceImplTest" time="0.001"/>
  <testcase name="testGetAll" classname="com.eCommerceProject.service.ProductServiceImplTest" time="0.002"/>
  <testcase name="testGetDto" classname="com.eCommerceProject.service.ProductServiceImplTest" time="0.004"/>
</testsuite>